<?xml version="1.0" encoding="UTF-8"?>
<!-- Generated by org.testng.reporters.JUnitReportReporter -->
<testsuite skipped="0" hostname="Ashan" name="app.nopcommerce.testCases.TC_002_DataDrivenTest_Login_with_Fillo" tests="1" failures="0" timestamp="2020-09-29T11:23:58 IST" time="46.449" errors="0">
  <testcase name="TC_002_DataDrivenLogin_loguot_with_Fillo" time="46.449" classname="app.nopcommerce.testCases.TC_002_DataDrivenTest_Login_with_Fillo"/>
  <system-out/>
</testsuite> <!-- app.nopcommerce.testCases.TC_002_DataDrivenTest_Login_with_Fillo -->
