<?xml version="1.0" encoding="UTF-8"?>
<!-- Generated by org.testng.reporters.JUnitReportReporter -->
<testsuite skipped="0" hostname="Ashan" name="app.nopcommerce.testCases.TC_003_AddCustomerTest" tests="1" failures="0" timestamp="2020-09-29T11:23:58 IST" time="33.080" errors="0">
  <testcase name="TC_003_addNewCustomer" time="33.080" classname="app.nopcommerce.testCases.TC_003_AddCustomerTest"/>
  <system-out/>
</testsuite> <!-- app.nopcommerce.testCases.TC_003_AddCustomerTest -->
