<?xml version="1.0" encoding="UTF-8"?>
<!-- Generated by org.testng.reporters.JUnitReportReporter -->
<testsuite skipped="0" hostname="Ashan" name="app.nopcommerce.testCases.TC_AddCustomerTest_003" tests="1" failures="0" timestamp="2020-08-26T18:16:04 IST" time="31.805" errors="0">
  <testcase name="addNewCustomer" time="31.805" classname="app.nopcommerce.testCases.TC_AddCustomerTest_003"/>
  <system-out/>
</testsuite> <!-- app.nopcommerce.testCases.TC_AddCustomerTest_003 -->
