<?xml version="1.0" encoding="UTF-8"?>
<!-- Generated by org.testng.reporters.JUnitReportReporter -->
<testsuite skipped="0" hostname="Ashan" name="app.nopcommerce.testCases.TC_006_LoginDDT_with_Apachi_poi" tests="4" failures="0" timestamp="2020-09-29T11:23:58 IST" time="41.210" errors="0">
  <testcase name="TC_006_loginTest" time="20.088" classname="app.nopcommerce.testCases.TC_006_LoginDDT_with_Apachi_poi"/>
  <system-out/>
  <testcase name="TC_006_loginTest" time="6.955" classname="app.nopcommerce.testCases.TC_006_LoginDDT_with_Apachi_poi"/>
  <system-out/>
  <testcase name="TC_006_loginTest" time="7.174" classname="app.nopcommerce.testCases.TC_006_LoginDDT_with_Apachi_poi"/>
  <system-out/>
  <testcase name="TC_006_loginTest" time="6.993" classname="app.nopcommerce.testCases.TC_006_LoginDDT_with_Apachi_poi"/>
  <system-out/>
</testsuite> <!-- app.nopcommerce.testCases.TC_006_LoginDDT_with_Apachi_poi -->
