<?xml version="1.0" encoding="UTF-8"?>
<!-- Generated by org.testng.reporters.JUnitReportReporter -->
<testsuite skipped="0" hostname="Ashan" name="app.nopcommerce.testCases.TC_SearchCustomerByEmail_004" tests="1" failures="0" timestamp="2020-09-03T18:11:43 IST" time="15.808" errors="0">
  <testcase name="searchCustomerbyEmail" time="15.808" classname="app.nopcommerce.testCases.TC_SearchCustomerByEmail_004"/>
  <system-out/>
</testsuite> <!-- app.nopcommerce.testCases.TC_SearchCustomerByEmail_004 -->
