<?xml version="1.0" encoding="UTF-8"?>
<!-- Generated by org.testng.reporters.JUnitReportReporter -->
<testsuite skipped="0" hostname="Ashan" name="app.nopcommerce.testCases.TC_LoginDDT_006_with_Apachi_poi" tests="4" failures="0" timestamp="2020-09-04T12:53:47 IST" time="45.529" errors="0">
  <testcase name="loginTest" time="7.594" classname="app.nopcommerce.testCases.TC_LoginDDT_006_with_Apachi_poi"/>
  <system-out/>
  <testcase name="loginTest" time="7.377" classname="app.nopcommerce.testCases.TC_LoginDDT_006_with_Apachi_poi"/>
  <system-out/>
  <testcase name="loginTest" time="23.307" classname="app.nopcommerce.testCases.TC_LoginDDT_006_with_Apachi_poi"/>
  <system-out/>
  <testcase name="loginTest" time="7.251" classname="app.nopcommerce.testCases.TC_LoginDDT_006_with_Apachi_poi"/>
  <system-out/>
</testsuite> <!-- app.nopcommerce.testCases.TC_LoginDDT_006_with_Apachi_poi -->
