<?xml version="1.0" encoding="UTF-8"?>
<!-- Generated by org.testng.reporters.JUnitReportReporter -->
<testsuite skipped="0" hostname="Ashan" name="app.nopcommerce.testCases.Fi" tests="4" failures="0" timestamp="2020-09-22T09:20:19 IST" time="70.050" errors="0">
  <testcase name="loginTest" time="8.612" classname="app.nopcommerce.testCases.Fi"/>
  <system-out/>
  <testcase name="loginTest" time="9.473" classname="app.nopcommerce.testCases.Fi"/>
  <system-out/>
  <testcase name="loginTest" time="44.797" classname="app.nopcommerce.testCases.Fi"/>
  <system-out/>
  <testcase name="loginTest" time="7.168" classname="app.nopcommerce.testCases.Fi"/>
  <system-out/>
</testsuite> <!-- app.nopcommerce.testCases.Fi -->
