<?xml version="1.0" encoding="UTF-8"?>
<!-- Generated by org.testng.reporters.JUnitReportReporter -->
<testsuite skipped="0" hostname="Ashan" name="app.nopcommerce.testCases.DataDrivenTest" tests="1" failures="0" timestamp="2020-08-26T13:59:47 IST" time="58.627" errors="0">
  <testcase name="DataDrivenLogin_loguot" time="58.627" classname="app.nopcommerce.testCases.DataDrivenTest"/>
  <system-out/>
</testsuite> <!-- app.nopcommerce.testCases.DataDrivenTest -->
