<?xml version="1.0" encoding="UTF-8"?>
<!-- Generated by org.testng.reporters.JUnitReportReporter -->
<testsuite skipped="0" hostname="Ashan" name="app.nopcommerce.testCases.TC_008_DataDrivenTest_Login_with_Fillo_Data_Provider" tests="4" failures="0" timestamp="2020-09-29T11:23:58 IST" time="39.586" errors="0">
  <testcase name="TC_008_dataDrivenTest_Login_with_Fillo_Data_Provider" time="6.981" classname="app.nopcommerce.testCases.TC_008_DataDrivenTest_Login_with_Fillo_Data_Provider"/>
  <system-out/>
  <testcase name="TC_008_dataDrivenTest_Login_with_Fillo_Data_Provider" time="7.105" classname="app.nopcommerce.testCases.TC_008_DataDrivenTest_Login_with_Fillo_Data_Provider"/>
  <system-out/>
  <testcase name="TC_008_dataDrivenTest_Login_with_Fillo_Data_Provider" time="18.512" classname="app.nopcommerce.testCases.TC_008_DataDrivenTest_Login_with_Fillo_Data_Provider"/>
  <system-out/>
  <testcase name="TC_008_dataDrivenTest_Login_with_Fillo_Data_Provider" time="6.988" classname="app.nopcommerce.testCases.TC_008_DataDrivenTest_Login_with_Fillo_Data_Provider"/>
  <system-out/>
</testsuite> <!-- app.nopcommerce.testCases.TC_008_DataDrivenTest_Login_with_Fillo_Data_Provider -->
