<?xml version="1.0" encoding="UTF-8"?>
<!-- Generated by org.testng.reporters.JUnitReportReporter -->
<testsuite skipped="0" hostname="Ashan" name="app.nopcommerce.testCases.TC_007_DataDrivenTestxls_with_Fillo_one_entry" tests="1" failures="0" timestamp="2020-09-29T11:23:58 IST" time="18.750" errors="0">
  <testcase name="TC_007_DataDrivenLogin_loguot_with_Fillo_one_entry" time="18.750" classname="app.nopcommerce.testCases.TC_007_DataDrivenTestxls_with_Fillo_one_entry"/>
  <system-out/>
</testsuite> <!-- app.nopcommerce.testCases.TC_007_DataDrivenTestxls_with_Fillo_one_entry -->
