<?xml version="1.0" encoding="UTF-8"?>
<!-- Generated by org.testng.reporters.JUnitReportReporter -->
<testsuite skipped="0" hostname="Ashan" name="app.nopcommerce.testCases.TC_001_LoginTest" tests="1" failures="0" timestamp="2020-09-29T11:23:58 IST" time="8.870" errors="0">
  <testcase name="TC_001_Login_Test" time="8.870" classname="app.nopcommerce.testCases.TC_001_LoginTest"/>
  <system-out/>
</testsuite> <!-- app.nopcommerce.testCases.TC_001_LoginTest -->
